<root>
  <EncryptedData Type="http://www.w3.org/2001/04/xmlenc#Element" xmlns="http://www.w3.org/2001/04/xmlenc#"><EncryptionMethod Algorithm="http://www.w3.org/2001/04/xmlenc#aes256-cbc" /><KeyInfo xmlns="http://www.w3.org/2000/09/xmldsig#"><EncryptedKey xmlns="http://www.w3.org/2001/04/xmlenc#"><EncryptionMethod Algorithm="http://www.w3.org/2001/04/xmlenc#rsa-1_5" /><KeyInfo xmlns="http://www.w3.org/2000/09/xmldsig#"><X509Data><X509Certificate>MIID6DCCAtCgAwIBAgIQZa9qryMr17ZKFwsKerzxzzANBgkqhkiG9w0BAQsFADByMRMwEQYKCZImiZPyLGQBGRYDY29tMRcwFQYKCZImiZPyLGQBGRYHY29udG9zbzEUMBIGCgmSJomT8ixkARkWBGNvcnAxFTATBgNVBAsMDFVzZXJBY2NvdW50czEVMBMGA1UEAwwMUGF0dGkgRnVsbGVyMB4XDTIzMTAyMzEyMjgzOVoXDTI0MTAyMzEyNDgzOVowcjETMBEGCgmSJomT8ixkARkWA2NvbTEXMBUGCgmSJomT8ixkARkWB2NvbnRvc28xFDASBgoJkiaJk/IsZAEZFgRjb3JwMRUwEwYDVQQLDAxVc2VyQWNjb3VudHMxFTATBgNVBAMMDFBhdHRpIEZ1bGxlcjCCASIwDQYJKoZIhvcNAQEBBQADggEPADCCAQoCggEBALSHdJRNgy/qySch8LLY6VfG7GqDbhMzkEeY2CGdiucZ1PiRTArhjEd1iy8fOoiGXU0yd+diKZ9Ym50aEPyMKwHbWkIP8ytoGJiiXZ55Yim5q/sPOKqPgROXUWxdzj2kpjw7UEjPK8btGubRxXUt8XDhAalIOzVRHRpDT5ag3zp+x6dMU4vqSbO6L00s9KNz75fLyR/C9C9J9J3JYJ/KGU8xBCd8L5bUkALD0U8WFosMm3ke+ntKdVTNzaMqHv6Vko2/F2UQCGbW9hCb1kv9SNT3f9ln9yw5gVhT/p9RrfyQqmHrxv+DTLWiDiCDLAEHyYhSo4xv7vMUeT9EFkNUBw0CAwEAAaN6MHgwDgYDVR0PAQH/BAQDAgeAMBMGA1UdJQQMMAoGCCsGAQUFBwMCMDIGA1UdEQQrMCmgJwYKKwYBBAGCNxQCA6AZDBdwYXR0aWZ1bGxlckBjb250b3NvLmNvbTAdBgNVHQ4EFgQUfqWGp6doi4+jGeGD6SNttpjZSuUwDQYJKoZIhvcNAQELBQADggEBALPk13u4kjrtmxmMO0Ts7K0WkuUhGyeFOUdFvRTXsRwoVRyySdly9WknOSOPaJ3/NJNKOc60gYx+W+N7ySMebUQaOFOD/tMbQNUdR1Wnys16kUVpbBAPLoVIAzeqBy26wigvDIMFWKpmtBjUJ/sioFsoRkaxZSYK+G8bmAvNtVIDKWTbKzi9CVx3RGldZkSWANryGLvarto7TzXUa+aGpdebL9Q8TS9WS+wmzwHzkqh3sTSyTPGHjaQbFpnPlPWy78obT2zKdNx5O9i/GcLIoymm04B/v2JFDWPlerMPA3KPBa+1qpyKAKFeJg/t0qVAcUT6YLLyIYD40OQi+U/BejA=</X509Certificate></X509Data></KeyInfo><CipherData><CipherValue>fZoc9W9LhHAIgAj0IQHzJw7vmFUZRs72k0lEGoha1iaraHOSmNSdJh4zML6UDVtLRXFaRkvD2F7A7qyL5I8zZ7XlzBNMUKyf8rcSPnn/+l5sd8X4ayqA90uJlG6uz5KJNScx2DvFjJNqXvxoRwK/5yb1zujpjIl2OYUzOcrd+PhmCMuyogpQ4kcy1FK2mGVadsCE6IlZQ5SFHUpXM7e89c8eLhMOeF+Jz457R8gDxNa+GB5NiIXH1zYOT48+FK6fezsua8wL2IxqZgj0Wc/L4C6KZaxxrLq40AC13I/sSaFKWR9VOIlXg+1MHhZwI2SSlnn7enTAkDYg583Wygm2wA==</CipherValue></CipherData></EncryptedKey></KeyInfo><CipherData><CipherValue>J7k8whUGrV7koZkX6nHgpRzuL02c+77vX7ArAucqmlIJqECs3Hd0zf9RdfBCmul/+JuNc0QLEiA7wXCR3z1rN9N7eZFUEeM0nv0hwM2qiaVE7059+1zm/K/SsUvXPG/xDeflQFkMk//qKumCMbVGRQ==</CipherValue></CipherData></EncryptedData>
</root>
